<?xml version="1.0" encoding="UTF-8"?>
<!-- Generated by org.testng.reporters.JUnitXMLReporter -->
<testsuite ignored="0" hostname="DESKTOP-0BKKJ2E" failures="0" tests="2" name="BankingApp test" time="54.96" errors="0" timestamp="16 Apr 2020 04:48:03 GMT">
  <testcase classname="com.inetbanking.testcases.TC_LoginTest_001" name="logintest" time="2.954"/>
  <testcase classname="com.inetbanking.testcases.TC_AddNewCustomer_003" name="addnewcust" time="12.346"/>
</testsuite> <!-- BankingApp test -->
