<?xml version="1.0" encoding="UTF-8"?>
<testng-results ignored="0" total="2" passed="2" failed="0" skipped="0">
  <reporter-output>
  </reporter-output>
  <suite started-at="2020-04-16T04:47:08Z" name="inetBankingV1" finished-at="2020-04-16T04:48:03Z" duration-ms="54960">
    <groups>
    </groups>
    <test started-at="2020-04-16T04:47:08Z" name="BankingApp test" finished-at="2020-04-16T04:48:03Z" duration-ms="54960">
      <class name="com.inetbanking.testcases.TC_AddNewCustomer_003">
        <test-method is-config="true" signature="setup(java.lang.String)[pri:0, instance:com.inetbanking.testcases.TC_AddNewCustomer_003@1c7696c6]" started-at="2020-04-16T04:47:35Z" name="setup" finished-at="2020-04-16T04:47:50Z" duration-ms="14450" status="PASS">
          <params>
            <param index="0">
              <value>
                <![CDATA[chrome]]>
              </value>
            </param>
          </params>
          <reporter-output>
          </reporter-output>
        </test-method> <!-- setup -->
        <test-method signature="addnewcust()[pri:0, instance:com.inetbanking.testcases.TC_AddNewCustomer_003@1c7696c6]" started-at="2020-04-16T04:47:50Z" name="addnewcust" finished-at="2020-04-16T04:48:02Z" duration-ms="12346" status="PASS">
          <reporter-output>
          </reporter-output>
        </test-method> <!-- addnewcust -->
        <test-method is-config="true" signature="teardown()[pri:0, instance:com.inetbanking.testcases.TC_AddNewCustomer_003@1c7696c6]" started-at="2020-04-16T04:48:02Z" name="teardown" finished-at="2020-04-16T04:48:03Z" duration-ms="998" status="PASS">
          <reporter-output>
          </reporter-output>
        </test-method> <!-- teardown -->
      </class> <!-- com.inetbanking.testcases.TC_AddNewCustomer_003 -->
      <class name="com.inetbanking.testcases.TC_LoginTest_001">
        <test-method is-config="true" signature="setup(java.lang.String)[pri:0, instance:com.inetbanking.testcases.TC_LoginTest_001@6c1a5b54]" started-at="2020-04-16T04:47:09Z" name="setup" finished-at="2020-04-16T04:47:31Z" duration-ms="22149" status="PASS">
          <params>
            <param index="0">
              <value>
                <![CDATA[chrome]]>
              </value>
            </param>
          </params>
          <reporter-output>
          </reporter-output>
        </test-method> <!-- setup -->
        <test-method signature="logintest()[pri:0, instance:com.inetbanking.testcases.TC_LoginTest_001@6c1a5b54]" started-at="2020-04-16T04:47:31Z" name="logintest" finished-at="2020-04-16T04:47:34Z" duration-ms="2954" status="PASS">
          <reporter-output>
          </reporter-output>
        </test-method> <!-- logintest -->
        <test-method is-config="true" signature="teardown()[pri:0, instance:com.inetbanking.testcases.TC_LoginTest_001@6c1a5b54]" started-at="2020-04-16T04:47:34Z" name="teardown" finished-at="2020-04-16T04:47:35Z" duration-ms="1150" status="PASS">
          <reporter-output>
          </reporter-output>
        </test-method> <!-- teardown -->
      </class> <!-- com.inetbanking.testcases.TC_LoginTest_001 -->
    </test> <!-- BankingApp test -->
  </suite> <!-- inetBankingV1 -->
</testng-results>
